Start testing: Dec 11 19:32 MSK
----------------------------------------------------------
Unable to find executable: &{this}
1/1 Testing: &{this}
1/1 Test: &{this}
Command: ""
Directory: /home/davi/Documents/c++/projetos_curso/vetor/glava_19/build/test
"&{this}" start time: 
Output:
----------------------------------------------------------
<end of output>
Test time =   0.00 sec
----------------------------------------------------------
Test Passed.
"&{this}" end time: Dec 11 19:32 MSK
"&{this}" time elapsed: 00:00:00
----------------------------------------------------------

End testing: Dec 11 19:32 MSK
